Using pre-set license
Built from '2020.3/staging' branch; Version is '2020.3.19f1 (68f137dc9bbe) revision 6877495'; Using compiler version '192528614'; Build Type 'Release'
OS: 'Windows 10 Pro; OS build 19042.1237; Version 2009; 64bit' Language: 'en' Physical Memory: 16222 MB
BatchMode: 1, IsHumanControllingUs: 0, StartBugReporterOnCrash: 0, Is64bit: 1, IsPro: 0

COMMAND LINE ARGUMENTS:
C:\Program Files\Unity\Hub\Editor\2020.3.19f1\Editor\Unity.exe
-adb2
-batchMode
-noUpm
-name
AssetImportWorker0
-projectPath
C:/Users/iamer/Desktop/Unity/mathGame
-logFile
Logs/AssetImportWorker0.log
-srvPort
52251
Successfully changed project path to: C:/Users/iamer/Desktop/Unity/mathGame
C:/Users/iamer/Desktop/Unity/mathGame
Using Asset Import Pipeline V2.
Refreshing native plugins compatible for Editor in 53.61 ms, found 3 plugins.
Preloading 0 native plugins for Editor in 0.00 ms.
Initialize engine version: 2020.3.19f1 (68f137dc9bbe)
[Subsystems] Discovering subsystems at path C:/Program Files/Unity/Hub/Editor/2020.3.19f1/Editor/Data/Resources/UnitySubsystems
[Subsystems] Discovering subsystems at path C:/Users/iamer/Desktop/Unity/mathGame/Assets
GfxDevice: creating device client; threaded=0
Direct3D:
    Version:  Direct3D 11.0 [level 11.1]
    Renderer: NVIDIA GeForce GTX 1650 Ti (ID=0x1f95)
    Vendor:   
    VRAM:     3962 MB
    Driver:   30.0.14.7212
Initialize mono
Mono path[0] = 'C:/Program Files/Unity/Hub/Editor/2020.3.19f1/Editor/Data/Managed'
Mono path[1] = 'C:/Program Files/Unity/Hub/Editor/2020.3.19f1/Editor/Data/MonoBleedingEdge/lib/mono/unityjit'
Mono config path = 'C:/Program Files/Unity/Hub/Editor/2020.3.19f1/Editor/Data/MonoBleedingEdge/etc'
Using monoOptions --debugger-agent=transport=dt_socket,embedding=1,server=y,suspend=n,address=127.0.0.1:56048
Begin MonoManager ReloadAssembly
Registering precompiled unity dll's ...
Register platform support module: C:/Program Files/Unity/Hub/Editor/2020.3.19f1/Editor/Data/PlaybackEngines/WebGLSupport/UnityEditor.WebGL.Extensions.dll
Register platform support module: C:/Program Files/Unity/Hub/Editor/2020.3.19f1/Editor/Data/PlaybackEngines/WindowsStandaloneSupport/UnityEditor.WindowsStandalone.Extensions.dll
Registered in 0.003007 seconds.
Native extension for WindowsStandalone target not found
Native extension for WebGL target not found
Refreshing native plugins compatible for Editor in 44.97 ms, found 3 plugins.
Preloading 0 native plugins for Editor in 0.00 ms.
Mono: successfully reloaded assembly
- Completed reload, in  1.884 seconds
Domain Reload Profiling:
	ReloadAssembly (1885ms)
		BeginReloadAssembly (62ms)
			ExecutionOrderSort (0ms)
			DisableScriptedObjects (0ms)
			BackupInstance (0ms)
			ReleaseScriptingObjects (0ms)
			CreateAndSetChildDomain (2ms)
		EndReloadAssembly (434ms)
			LoadAssemblies (59ms)
			RebuildTransferFunctionScriptingTraits (0ms)
			SetupTypeCache (151ms)
			ReleaseScriptCaches (0ms)
			RebuildScriptCaches (34ms)
			SetupLoadedEditorAssemblies (175ms)
				LogAssemblyErrors (0ms)
				InitializePlatformSupportModulesInManaged (5ms)
				SetLoadedEditorAssemblies (1ms)
				RefreshPlugins (45ms)
				BeforeProcessingInitializeOnLoad (13ms)
				ProcessInitializeOnLoadAttributes (79ms)
				ProcessInitializeOnLoadMethodAttributes (32ms)
				AfterProcessingInitializeOnLoad (0ms)
				EditorAssembliesLoaded (0ms)
			ExecutionOrderSort2 (0ms)
			AwakeInstancesAfterBackupRestoration (0ms)
Platform modules already initialized, skipping
Registering precompiled user dll's ...
Registered in 0.003684 seconds.
Begin MonoManager ReloadAssembly
Native extension for WindowsStandalone target not found
Native extension for WebGL target not found
Refreshing native plugins compatible for Editor in 42.70 ms, found 3 plugins.
Preloading 0 native plugins for Editor in 0.00 ms.
Mono: successfully reloaded assembly
- Completed reload, in  1.123 seconds
Domain Reload Profiling:
	ReloadAssembly (1124ms)
		BeginReloadAssembly (146ms)
			ExecutionOrderSort (0ms)
			DisableScriptedObjects (4ms)
			BackupInstance (0ms)
			ReleaseScriptingObjects (0ms)
			CreateAndSetChildDomain (19ms)
		EndReloadAssembly (914ms)
			LoadAssemblies (87ms)
			RebuildTransferFunctionScriptingTraits (0ms)
			SetupTypeCache (296ms)
			ReleaseScriptCaches (0ms)
			RebuildScriptCaches (47ms)
			SetupLoadedEditorAssemblies (363ms)
				LogAssemblyErrors (0ms)
				InitializePlatformSupportModulesInManaged (4ms)
				SetLoadedEditorAssemblies (0ms)
				RefreshPlugins (43ms)
				BeforeProcessingInitializeOnLoad (78ms)
				ProcessInitializeOnLoadAttributes (218ms)
				ProcessInitializeOnLoadMethodAttributes (12ms)
				AfterProcessingInitializeOnLoad (7ms)
				EditorAssembliesLoaded (0ms)
			ExecutionOrderSort2 (0ms)
			AwakeInstancesAfterBackupRestoration (6ms)
Platform modules already initialized, skipping
========================================================================
Worker process is ready to serve import requests
Launched and connected shader compiler UnityShaderCompiler.exe after 0.14 seconds
Refreshing native plugins compatible for Editor in 0.43 ms, found 3 plugins.
Preloading 0 native plugins for Editor in 0.00 ms.
Unloading 2105 Unused Serialized files (Serialized files now loaded: 0)
System memory in use before: 95.1 MB.
System memory in use after: 95.2 MB.

Unloading 26 unused Assets to reduce memory usage. Loaded Objects now: 2545.
Total: 3.666500 ms (FindLiveObjects: 0.207000 ms CreateObjectMapping: 0.094700 ms MarkObjects: 3.266000 ms  DeleteObjects: 0.097900 ms)

AssetImportParameters requested are different than current active one (requested -> active):
  custom:framework-win-MediaFoundation: 216162199b28c13a410421893ffa2e32 -> 
  custom:video-decoder-ogg-theora: a1e56fd34408186e4bbccfd4996cb3dc -> 
  custom:container-muxer-webm: aa71ff27fc2769a1b78a27578f13a17b -> 
  custom:container-demuxer-webm: 4f35f7cbe854078d1ac9338744f61a02 -> 
  custom:container-demuxer-ogg: 62fdf1f143b41e24485cea50d1cbac27 -> 
  custom:video-encoder-webm-vp8: eb34c28f22e8b96e1ab97ce403110664 -> 
  custom:video-decoder-webm-vp8: 9c59270c3fd7afecdb556c50c9e8de78 -> 
  custom:audio-decoder-ogg-vorbis: bf7c407c2cedff20999df2af8eb42d56 -> 
  custom:audio-encoder-webm-vorbis: bf7c407c2cedff20999df2af8eb42d56 -> 
========================================================================
Received Import Request.
  path: Assets/GOTHAM-BOLD-TR 1.TTF
  artifactKey: Guid(c96d715b000a23d47b4303c190ce9d22) Importer(815301076,1909f56bfc062723c751e8b465ee728b)
Start importing Assets/GOTHAM-BOLD-TR 1.TTF using Guid(c96d715b000a23d47b4303c190ce9d22) Importer(815301076,1909f56bfc062723c751e8b465ee728b)  -> (artifact id: '8975c172de30a764967a4fcfdda64328') in 0.143175 seconds 
  Import took 0.146920 seconds .

========================================================================
Received Import Request.
  Time since last request: 0.000305 seconds.
  path: Assets/GOTHAM-LIGHT-TR.TTF
  artifactKey: Guid(cb134305d8560294c90bb40c0d2d129e) Importer(815301076,1909f56bfc062723c751e8b465ee728b)
Start importing Assets/GOTHAM-LIGHT-TR.TTF using Guid(cb134305d8560294c90bb40c0d2d129e) Importer(815301076,1909f56bfc062723c751e8b465ee728b)  -> (artifact id: 'cb460846c9084c5c01ee8d023a5a9248') in 0.017368 seconds 
  Import took 0.021192 seconds .

========================================================================
Received Import Request.
  Time since last request: 0.000300 seconds.
  path: Assets/KGHAPPYSolid.ttf
  artifactKey: Guid(d7da0a5bcc975ce4aa558eac29c3babb) Importer(815301076,1909f56bfc062723c751e8b465ee728b)
Start importing Assets/KGHAPPYSolid.ttf using Guid(d7da0a5bcc975ce4aa558eac29c3babb) Importer(815301076,1909f56bfc062723c751e8b465ee728b)  -> (artifact id: '49ab10ec7207923a1febe78b12b238c4') in 0.023972 seconds 
  Import took 0.028229 seconds .

========================================================================
Received Import Request.
  Time since last request: 0.000514 seconds.
  path: Assets/KGHAPPY.ttf
  artifactKey: Guid(c9454b93d97ab884bb549983dbf7aa71) Importer(815301076,1909f56bfc062723c751e8b465ee728b)
Start importing Assets/KGHAPPY.ttf using Guid(c9454b93d97ab884bb549983dbf7aa71) Importer(815301076,1909f56bfc062723c751e8b465ee728b)  -> (artifact id: '07a41bdb2aee21f7cdf729ba3e285875') in 0.020415 seconds 
  Import took 0.024246 seconds .

========================================================================
Received Import Request.
  Time since last request: 0.000309 seconds.
  path: Assets/GOTHAM-ULTRA-TR.TTF
  artifactKey: Guid(312a905e21f056f4eae61d00b16e5f97) Importer(815301076,1909f56bfc062723c751e8b465ee728b)
Start importing Assets/GOTHAM-ULTRA-TR.TTF using Guid(312a905e21f056f4eae61d00b16e5f97) Importer(815301076,1909f56bfc062723c751e8b465ee728b)  -> (artifact id: '2e78a48d15321925b90f9519533cc485') in 0.025292 seconds 
  Import took 0.029656 seconds .

========================================================================
Received Import Request.
  Time since last request: 0.000427 seconds.
  path: Assets/GOTHAM-ULTRAITALIC-TR.TTF
  artifactKey: Guid(6f4160527b48f9648a896a41deb32400) Importer(815301076,1909f56bfc062723c751e8b465ee728b)
Start importing Assets/GOTHAM-ULTRAITALIC-TR.TTF using Guid(6f4160527b48f9648a896a41deb32400) Importer(815301076,1909f56bfc062723c751e8b465ee728b)  -> (artifact id: 'd9ecd76adce24374fa5ce738dcc5d3ce') in 0.020598 seconds 
  Import took 0.026014 seconds .

========================================================================
Received Import Request.
  Time since last request: 0.000448 seconds.
  path: Assets/mathGame.png
  artifactKey: Guid(82c7f20359037ec448cec3eb2f39b4c8) Importer(815301076,1909f56bfc062723c751e8b465ee728b)
Start importing Assets/mathGame.png using Guid(82c7f20359037ec448cec3eb2f39b4c8) Importer(815301076,1909f56bfc062723c751e8b465ee728b)  -> (artifact id: 'd04520c5b38d0d19763d2aa6a16e034b') in 0.104516 seconds 
  Import took 0.109383 seconds .

========================================================================
Received Import Request.
  Time since last request: 0.000317 seconds.
  path: Assets/512logo.png
  artifactKey: Guid(b0344e38294700a44b3fc5954478fe94) Importer(815301076,1909f56bfc062723c751e8b465ee728b)
Start importing Assets/512logo.png using Guid(b0344e38294700a44b3fc5954478fe94) Importer(815301076,1909f56bfc062723c751e8b465ee728b)  -> (artifact id: 'ca3c06f06eb17a365c076244493f58a7') in 0.018483 seconds 
  Import took 0.023679 seconds .

========================================================================
Received Import Request.
  Time since last request: 0.000394 seconds.
  path: Assets/GOTHAM-THINITALIC-TR 1.TTF
  artifactKey: Guid(680cb1e24c5e18e4684a95dbfded889e) Importer(815301076,1909f56bfc062723c751e8b465ee728b)
Start importing Assets/GOTHAM-THINITALIC-TR 1.TTF using Guid(680cb1e24c5e18e4684a95dbfded889e) Importer(815301076,1909f56bfc062723c751e8b465ee728b)  -> (artifact id: '64d222184ad4d0fad74af8521929d11d') in 0.021244 seconds 
  Import took 0.026166 seconds .

========================================================================
Received Import Request.
  Time since last request: 0.000394 seconds.
  path: Assets/GOTHAM-LIGHT-TR 1.TTF
  artifactKey: Guid(91c1acc3af8b6924199b7b97f0023a61) Importer(815301076,1909f56bfc062723c751e8b465ee728b)
Start importing Assets/GOTHAM-LIGHT-TR 1.TTF using Guid(91c1acc3af8b6924199b7b97f0023a61) Importer(815301076,1909f56bfc062723c751e8b465ee728b)  -> (artifact id: 'ef414ebbf4d3bea50cc6aff625f89830') in 0.020897 seconds 
  Import took 0.025837 seconds .

========================================================================
Received Import Request.
  Time since last request: 0.000388 seconds.
  path: Assets/button.png
  artifactKey: Guid(2f0f403cb06132447b7c401e006aca23) Importer(815301076,1909f56bfc062723c751e8b465ee728b)
Start importing Assets/button.png using Guid(2f0f403cb06132447b7c401e006aca23) Importer(815301076,1909f56bfc062723c751e8b465ee728b)  -> (artifact id: '81cfeb7e5e1e6be8882ee13c86900190') in 0.021417 seconds 
  Import took 0.027662 seconds .

========================================================================
Received Import Request.
  Time since last request: 0.000443 seconds.
  path: Assets/GOTHAM-ULTRA-TR 1.TTF
  artifactKey: Guid(92280f890ce63ed4cb1e0a665f3657e4) Importer(815301076,1909f56bfc062723c751e8b465ee728b)
Start importing Assets/GOTHAM-ULTRA-TR 1.TTF using Guid(92280f890ce63ed4cb1e0a665f3657e4) Importer(815301076,1909f56bfc062723c751e8b465ee728b)  -> (artifact id: 'cb9ab7f6a1c209aff1758b890634baa2') in 0.024075 seconds 
  Import took 0.030562 seconds .

========================================================================
Received Import Request.
  Time since last request: 0.000291 seconds.
  path: Assets/GOTHAM-MEDIUM-TR.TTF
  artifactKey: Guid(bcb142cfe5551db4fa46f1732150a6af) Importer(815301076,1909f56bfc062723c751e8b465ee728b)
Start importing Assets/GOTHAM-MEDIUM-TR.TTF using Guid(bcb142cfe5551db4fa46f1732150a6af) Importer(815301076,1909f56bfc062723c751e8b465ee728b)  -> (artifact id: 'bbb1bfe93da61fd2728920593054d796') in 0.021480 seconds 
  Import took 0.027734 seconds .

========================================================================
Received Import Request.
  Time since last request: 0.000306 seconds.
  path: Assets/GOTHAM-ULTRAITALIC-TR 1.TTF
  artifactKey: Guid(343e29add9eb23249bb7eabd60cdd53f) Importer(815301076,1909f56bfc062723c751e8b465ee728b)
Start importing Assets/GOTHAM-ULTRAITALIC-TR 1.TTF using Guid(343e29add9eb23249bb7eabd60cdd53f) Importer(815301076,1909f56bfc062723c751e8b465ee728b)  -> (artifact id: '39c8923ef518f8852ab6adecc0462632') in 0.022803 seconds 
  Import took 0.028174 seconds .

========================================================================
Received Import Request.
  Time since last request: 0.000274 seconds.
  path: Assets/GOTHAM-BOOK-TR.OTF
  artifactKey: Guid(dff59c348adb0cf43823dd4764ac3ac8) Importer(815301076,1909f56bfc062723c751e8b465ee728b)
Start importing Assets/GOTHAM-BOOK-TR.OTF using Guid(dff59c348adb0cf43823dd4764ac3ac8) Importer(815301076,1909f56bfc062723c751e8b465ee728b)  -> (artifact id: '0610d9f8b3115f5826d0f6120a3fd5ef') in 0.025583 seconds 
  Import took 0.030087 seconds .

========================================================================
Received Import Request.
  Time since last request: 0.000361 seconds.
  path: Assets/GOTHAM-BOLD-TR.TTF
  artifactKey: Guid(87c7b8319738cc4498dc0bad2a87a91a) Importer(815301076,1909f56bfc062723c751e8b465ee728b)
Start importing Assets/GOTHAM-BOLD-TR.TTF using Guid(87c7b8319738cc4498dc0bad2a87a91a) Importer(815301076,1909f56bfc062723c751e8b465ee728b)  -> (artifact id: '082b81e54631b8285cd8111c270f1850') in 0.019817 seconds 
  Import took 0.025368 seconds .

========================================================================
Received Import Request.
  Time since last request: 0.000684 seconds.
  path: Assets/GOTHAM-THINITALIC-TR.TTF
  artifactKey: Guid(4f4f52f69f180864ea9f623a12e6ac45) Importer(815301076,1909f56bfc062723c751e8b465ee728b)
Start importing Assets/GOTHAM-THINITALIC-TR.TTF using Guid(4f4f52f69f180864ea9f623a12e6ac45) Importer(815301076,1909f56bfc062723c751e8b465ee728b)  -> (artifact id: '94f5da0e9ff080542bfc446ceceafb43') in 0.022033 seconds 
  Import took 0.029070 seconds .

========================================================================
Received Import Request.
  Time since last request: 0.000360 seconds.
  path: Assets/back2.png
  artifactKey: Guid(ba9b3af790eefdd4f8eacea5fdaacc5d) Importer(815301076,1909f56bfc062723c751e8b465ee728b)
Start importing Assets/back2.png using Guid(ba9b3af790eefdd4f8eacea5fdaacc5d) Importer(815301076,1909f56bfc062723c751e8b465ee728b)  -> (artifact id: '0e7331b66c037f7c7d0157641301ad1c') in 0.028480 seconds 
  Import took 0.033610 seconds .

========================================================================
Received Import Request.
  Time since last request: 0.000350 seconds.
  path: Assets/GOTHAM-THIN-TR 1.TTF
  artifactKey: Guid(a835bebd28990774e887ffd8e996551f) Importer(815301076,1909f56bfc062723c751e8b465ee728b)
Start importing Assets/GOTHAM-THIN-TR 1.TTF using Guid(a835bebd28990774e887ffd8e996551f) Importer(815301076,1909f56bfc062723c751e8b465ee728b)  -> (artifact id: '3116af89cc8cf830479e6258715662e7') in 0.019363 seconds 
  Import took 0.025269 seconds .

========================================================================
Received Import Request.
  Time since last request: 0.000352 seconds.
  path: Assets/KGHAPPYShadows.ttf
  artifactKey: Guid(8245e6c60a70a1743bbc37c9ff340b1e) Importer(815301076,1909f56bfc062723c751e8b465ee728b)
Start importing Assets/KGHAPPYShadows.ttf using Guid(8245e6c60a70a1743bbc37c9ff340b1e) Importer(815301076,1909f56bfc062723c751e8b465ee728b)  -> (artifact id: 'ce7cea6de63d9dfed3c026693ac312eb') in 0.019263 seconds 
  Import took 0.024035 seconds .

========================================================================
Received Import Request.
  Time since last request: 0.000304 seconds.
  path: Assets/back.jpg
  artifactKey: Guid(5105e5c663f150949b9aa28eaf237e30) Importer(815301076,1909f56bfc062723c751e8b465ee728b)
Start importing Assets/back.jpg using Guid(5105e5c663f150949b9aa28eaf237e30) Importer(815301076,1909f56bfc062723c751e8b465ee728b)  -> (artifact id: '272e66390fa6db574d22a175538a7b8f') in 0.030757 seconds 
  Import took 0.035608 seconds .

========================================================================
Received Import Request.
  Time since last request: 0.000401 seconds.
  path: Assets/GOTHAM-BOOK-TR 1.OTF
  artifactKey: Guid(42502dad9f13cdc49b7d69445a6cc1a1) Importer(815301076,1909f56bfc062723c751e8b465ee728b)
Start importing Assets/GOTHAM-BOOK-TR 1.OTF using Guid(42502dad9f13cdc49b7d69445a6cc1a1) Importer(815301076,1909f56bfc062723c751e8b465ee728b)  -> (artifact id: '2738f74e74044ee35a8b6c41a5ef619f') in 0.022209 seconds 
  Import took 0.026657 seconds .

========================================================================
Received Import Request.
  Time since last request: 0.000339 seconds.
  path: Assets/GOTHAM-MEDIUM-TR 1.TTF
  artifactKey: Guid(59f80fdfab76bdc4a9d8917bd1b24e25) Importer(815301076,1909f56bfc062723c751e8b465ee728b)
Start importing Assets/GOTHAM-MEDIUM-TR 1.TTF using Guid(59f80fdfab76bdc4a9d8917bd1b24e25) Importer(815301076,1909f56bfc062723c751e8b465ee728b)  -> (artifact id: 'df719fc83f6dcc6b18131d09a9deb2b4') in 0.020541 seconds 
  Import took 0.028313 seconds .

========================================================================
Received Import Request.
  Time since last request: 0.000401 seconds.
  path: Assets/GOTHAM-THIN-TR.TTF
  artifactKey: Guid(f9cba318c552eca48ba310028fd6a8cf) Importer(815301076,1909f56bfc062723c751e8b465ee728b)
Start importing Assets/GOTHAM-THIN-TR.TTF using Guid(f9cba318c552eca48ba310028fd6a8cf) Importer(815301076,1909f56bfc062723c751e8b465ee728b)  -> (artifact id: '39479046b1b3872d1af2a6fd354f7c1a') in 0.022017 seconds 
  Import took 0.026856 seconds .

========================================================================
Received Prepare
Refreshing native plugins compatible for Editor in 4.62 ms, found 3 plugins.
Preloading 0 native plugins for Editor in 0.00 ms.
Unloading 12 Unused Serialized files (Serialized files now loaded: 0)
System memory in use before: 56.0 MB.
System memory in use after: 56.1 MB.

Unloading 12 unused Assets to reduce memory usage. Loaded Objects now: 2597.
Total: 6.673000 ms (FindLiveObjects: 0.303000 ms CreateObjectMapping: 0.109900 ms MarkObjects: 6.216300 ms  DeleteObjects: 0.041900 ms)

AssetImportParameters requested are different than current active one (requested -> active):
  custom:framework-win-MediaFoundation: 216162199b28c13a410421893ffa2e32 -> 
  custom:video-decoder-ogg-theora: a1e56fd34408186e4bbccfd4996cb3dc -> 
  custom:container-muxer-webm: aa71ff27fc2769a1b78a27578f13a17b -> 
  custom:container-demuxer-webm: 4f35f7cbe854078d1ac9338744f61a02 -> 
  custom:container-demuxer-ogg: 62fdf1f143b41e24485cea50d1cbac27 -> 
  custom:video-encoder-webm-vp8: eb34c28f22e8b96e1ab97ce403110664 -> 
  custom:video-decoder-webm-vp8: 9c59270c3fd7afecdb556c50c9e8de78 -> 
  custom:audio-decoder-ogg-vorbis: bf7c407c2cedff20999df2af8eb42d56 -> 
  custom:audio-encoder-webm-vorbis: bf7c407c2cedff20999df2af8eb42d56 -> 
========================================================================
Received Prepare
Refreshing native plugins compatible for Editor in 6.71 ms, found 3 plugins.
Preloading 0 native plugins for Editor in 0.00 ms.
Unloading 12 Unused Serialized files (Serialized files now loaded: 0)
System memory in use before: 56.1 MB.
System memory in use after: 56.2 MB.

Unloading 12 unused Assets to reduce memory usage. Loaded Objects now: 2597.
Total: 6.498600 ms (FindLiveObjects: 0.460900 ms CreateObjectMapping: 0.136200 ms MarkObjects: 5.854600 ms  DeleteObjects: 0.045500 ms)

AssetImportParameters requested are different than current active one (requested -> active):
  custom:framework-win-MediaFoundation: 216162199b28c13a410421893ffa2e32 -> 
  custom:video-decoder-ogg-theora: a1e56fd34408186e4bbccfd4996cb3dc -> 
  custom:container-muxer-webm: aa71ff27fc2769a1b78a27578f13a17b -> 
  custom:container-demuxer-webm: 4f35f7cbe854078d1ac9338744f61a02 -> 
  custom:container-demuxer-ogg: 62fdf1f143b41e24485cea50d1cbac27 -> 
  custom:video-encoder-webm-vp8: eb34c28f22e8b96e1ab97ce403110664 -> 
  custom:video-decoder-webm-vp8: 9c59270c3fd7afecdb556c50c9e8de78 -> 
  custom:audio-decoder-ogg-vorbis: bf7c407c2cedff20999df2af8eb42d56 -> 
  custom:audio-encoder-webm-vorbis: bf7c407c2cedff20999df2af8eb42d56 -> 
